[ 2016-12-06T09:37:56+08:00 ] ::1 /wx/
INFO: [ app_init ] --START--
INFO: Run Behavior\BuildLiteBehavior [ RunTime:0.000020s ]
INFO: [ app_init ] --END-- [ RunTime:0.055526s ]
INFO: [ app_begin ] --START--
INFO: Run Behavior\ReadHtmlCacheBehavior [ RunTime:0.001562s ]
INFO: [ app_begin ] --END-- [ RunTime:0.001664s ]
SQL: SHOW COLUMNS FROM `wx_xinxi` [ RunTime:0.0439s ]
SQL: SELECT * FROM `wx_xinxi`  [ RunTime:0.0007s ]
INFO: [ view_parse ] --START--
INFO: [ template_filter ] --START--
INFO: Run Behavior\ContentReplaceBehavior [ RunTime:0.014380s ]
INFO: [ template_filter ] --END-- [ RunTime:0.014488s ]
NOTIC: [8] Use of undefined constant sex - assumed 'sex' D:\xampp\htdocs\wx\Application\Runtime\Cache\Home\2a94b8bda04ff446dcedd42276fc99ee.php 第 245 行.
NOTIC: [8] Use of undefined constant sex - assumed 'sex' D:\xampp\htdocs\wx\Application\Runtime\Cache\Home\2a94b8bda04ff446dcedd42276fc99ee.php 第 245 行.
NOTIC: [8] Use of undefined constant sex - assumed 'sex' D:\xampp\htdocs\wx\Application\Runtime\Cache\Home\2a94b8bda04ff446dcedd42276fc99ee.php 第 245 行.
NOTIC: [8] Use of undefined constant sex - assumed 'sex' D:\xampp\htdocs\wx\Application\Runtime\Cache\Home\2a94b8bda04ff446dcedd42276fc99ee.php 第 245 行.
NOTIC: [8] Use of undefined constant sex - assumed 'sex' D:\xampp\htdocs\wx\Application\Runtime\Cache\Home\2a94b8bda04ff446dcedd42276fc99ee.php 第 245 行.
NOTIC: [8] Use of undefined constant sex - assumed 'sex' D:\xampp\htdocs\wx\Application\Runtime\Cache\Home\2a94b8bda04ff446dcedd42276fc99ee.php 第 245 行.
NOTIC: [8] Use of undefined constant sex - assumed 'sex' D:\xampp\htdocs\wx\Application\Runtime\Cache\Home\2a94b8bda04ff446dcedd42276fc99ee.php 第 245 行.
INFO: Run Behavior\ParseTemplateBehavior [ RunTime:0.094592s ]
INFO: [ view_parse ] --END-- [ RunTime:0.094668s ]
INFO: [ view_filter ] --START--
INFO: Run Behavior\WriteHtmlCacheBehavior [ RunTime:0.009827s ]
INFO: [ view_filter ] --END-- [ RunTime:0.009902s ]
INFO: [ app_end ] --START--
INFO: Run Behavior\ShowPageTraceBehavior [ RunTime:0.002308s ]
INFO: [ app_end ] --END-- [ RunTime:0.002453s ]

[ 2016-12-06T09:38:00+08:00 ] ::1 /wx/index.php/home/index/index/where/%20type%20=%20'%E4%B8%BB%E6%8C%81%E4%BA%BA'
INFO: [ app_init ] --START--
INFO: Run Behavior\BuildLiteBehavior [ RunTime:0.000018s ]
INFO: [ app_init ] --END-- [ RunTime:0.000526s ]
INFO: [ app_begin ] --START--
INFO: Run Behavior\ReadHtmlCacheBehavior [ RunTime:0.000913s ]
INFO: [ app_begin ] --END-- [ RunTime:0.001019s ]
SQL: SHOW COLUMNS FROM `wx_xinxi` [ RunTime:0.0056s ]
SQL: SELECT * FROM `wx_xinxi` WHERE (  type = '主持人' )  [ RunTime:0.0007s ]

[ 2016-12-06T09:38:04+08:00 ] ::1 /wx/index.php/home/index/index/where/%20type%20=%20'%E6%91%84%E5%BD%B1%E5%B8%88'
INFO: [ app_init ] --START--
INFO: Run Behavior\BuildLiteBehavior [ RunTime:0.000022s ]
INFO: [ app_init ] --END-- [ RunTime:0.000724s ]
INFO: [ app_begin ] --START--
INFO: Run Behavior\ReadHtmlCacheBehavior [ RunTime:0.000848s ]
INFO: [ app_begin ] --END-- [ RunTime:0.000944s ]
SQL: SHOW COLUMNS FROM `wx_xinxi` [ RunTime:0.0085s ]
SQL: SELECT * FROM `wx_xinxi` WHERE (  type = '摄影师' )  [ RunTime:0.0006s ]

[ 2016-12-06T09:38:12+08:00 ] ::1 /wx/index.php/home/index/index/where/%20type%20=%20'%E4%B8%BB%E6%8C%81%E4%BA%BA'
INFO: [ app_init ] --START--
INFO: Run Behavior\BuildLiteBehavior [ RunTime:0.000022s ]
INFO: [ app_init ] --END-- [ RunTime:0.000733s ]
INFO: [ app_begin ] --START--
INFO: Run Behavior\ReadHtmlCacheBehavior [ RunTime:0.000626s ]
INFO: [ app_begin ] --END-- [ RunTime:0.000692s ]
SQL: SHOW COLUMNS FROM `wx_xinxi` [ RunTime:0.0055s ]
SQL: SELECT * FROM `wx_xinxi` WHERE (  type = '主持人' )  [ RunTime:0.0006s ]

[ 2016-12-06T09:38:14+08:00 ] ::1 /wx/index.php/home/index/index/where/%20type%20=%20'%E4%B8%BB%E6%8C%81%E4%BA%BA'
INFO: [ app_init ] --START--
INFO: Run Behavior\BuildLiteBehavior [ RunTime:0.000019s ]
INFO: [ app_init ] --END-- [ RunTime:0.000651s ]
INFO: [ app_begin ] --START--
INFO: Run Behavior\ReadHtmlCacheBehavior [ RunTime:0.001011s ]
INFO: [ app_begin ] --END-- [ RunTime:0.001102s ]
SQL: SHOW COLUMNS FROM `wx_xinxi` [ RunTime:0.0090s ]
SQL: SELECT * FROM `wx_xinxi` WHERE (  type = '主持人' )  [ RunTime:0.0006s ]

[ 2016-12-06T09:38:20+08:00 ] ::1 /wx/index.php/home/index/index/where/%20type%20=%20'%E6%91%84%E5%83%8F%E5%B8%88'
INFO: [ app_init ] --START--
INFO: Run Behavior\BuildLiteBehavior [ RunTime:0.000021s ]
INFO: [ app_init ] --END-- [ RunTime:0.000698s ]
INFO: [ app_begin ] --START--
INFO: Run Behavior\ReadHtmlCacheBehavior [ RunTime:0.000774s ]
INFO: [ app_begin ] --END-- [ RunTime:0.000899s ]
SQL: SHOW COLUMNS FROM `wx_xinxi` [ RunTime:0.0072s ]
SQL: SELECT * FROM `wx_xinxi` WHERE (  type = '摄像师' )  [ RunTime:0.0004s ]

[ 2016-12-06T09:38:22+08:00 ] ::1 /wx/index.php/home/index/index/where/%20type%20=%20'%E5%8C%96%E5%A6%86%E5%B8%88'
INFO: [ app_init ] --START--
INFO: Run Behavior\BuildLiteBehavior [ RunTime:0.000021s ]
INFO: [ app_init ] --END-- [ RunTime:0.000686s ]
INFO: [ app_begin ] --START--
INFO: Run Behavior\ReadHtmlCacheBehavior [ RunTime:0.000807s ]
INFO: [ app_begin ] --END-- [ RunTime:0.000906s ]
SQL: SHOW COLUMNS FROM `wx_xinxi` [ RunTime:0.0076s ]
SQL: SELECT * FROM `wx_xinxi` WHERE (  type = '化妆师' )  [ RunTime:0.0005s ]

[ 2016-12-06T09:38:24+08:00 ] ::1 /wx/index.php/home/index/index/where/%20type%20=%20'%E5%8C%96%E5%A6%86%E5%B8%88'
INFO: [ app_init ] --START--
INFO: Run Behavior\BuildLiteBehavior [ RunTime:0.000021s ]
INFO: [ app_init ] --END-- [ RunTime:0.000657s ]
INFO: [ app_begin ] --START--
INFO: Run Behavior\ReadHtmlCacheBehavior [ RunTime:0.000753s ]
INFO: [ app_begin ] --END-- [ RunTime:0.000848s ]
SQL: SHOW COLUMNS FROM `wx_xinxi` [ RunTime:0.0061s ]
SQL: SELECT * FROM `wx_xinxi` WHERE (  type = '化妆师' )  [ RunTime:0.0004s ]

[ 2016-12-06T09:38:26+08:00 ] ::1 /wx/index.php/home/index/index/where/%20type%20=%20'%E6%91%84%E5%BD%B1%E5%B8%88'
INFO: [ app_init ] --START--
INFO: Run Behavior\BuildLiteBehavior [ RunTime:0.000022s ]
INFO: [ app_init ] --END-- [ RunTime:0.000652s ]
INFO: [ app_begin ] --START--
INFO: Run Behavior\ReadHtmlCacheBehavior [ RunTime:0.000807s ]
INFO: [ app_begin ] --END-- [ RunTime:0.000920s ]
SQL: SHOW COLUMNS FROM `wx_xinxi` [ RunTime:0.0062s ]
SQL: SELECT * FROM `wx_xinxi` WHERE (  type = '摄影师' )  [ RunTime:0.0005s ]

[ 2016-12-06T09:38:35+08:00 ] ::1 /wx/index.php/home/index/index/where/%20type%20=%20'%E6%91%84%E5%BD%B1%E5%B8%88'%20and%20money%20%3E%20%22500%22%20and%20money%20%3C%20%221000%22
INFO: [ app_init ] --START--
INFO: Run Behavior\BuildLiteBehavior [ RunTime:0.000015s ]
INFO: [ app_init ] --END-- [ RunTime:0.000407s ]
INFO: [ app_begin ] --START--
INFO: Run Behavior\ReadHtmlCacheBehavior [ RunTime:0.000538s ]
INFO: [ app_begin ] --END-- [ RunTime:0.000600s ]
SQL: SHOW COLUMNS FROM `wx_xinxi` [ RunTime:0.0063s ]
SQL: SELECT * FROM `wx_xinxi` WHERE (  type = '摄影师' and money > "500" and money < "1000" )  [ RunTime:0.0005s ]

[ 2016-12-06T09:44:43+08:00 ] ::1 /wx/index.php/home/upload/data
INFO: [ app_init ] --START--
INFO: Run Behavior\BuildLiteBehavior [ RunTime:0.000015s ]
INFO: [ app_init ] --END-- [ RunTime:0.000466s ]
INFO: [ app_begin ] --START--
INFO: Run Behavior\ReadHtmlCacheBehavior [ RunTime:0.000726s ]
INFO: [ app_begin ] --END-- [ RunTime:0.000804s ]
INFO: [ view_parse ] --START--
INFO: [ template_filter ] --START--
INFO: Run Behavior\ContentReplaceBehavior [ RunTime:0.000168s ]
INFO: [ template_filter ] --END-- [ RunTime:0.000234s ]
INFO: Run Behavior\ParseTemplateBehavior [ RunTime:0.016096s ]
INFO: [ view_parse ] --END-- [ RunTime:0.016174s ]
INFO: [ view_filter ] --START--
INFO: Run Behavior\WriteHtmlCacheBehavior [ RunTime:0.000931s ]
INFO: [ view_filter ] --END-- [ RunTime:0.000997s ]
INFO: [ app_end ] --START--
INFO: Run Behavior\ShowPageTraceBehavior [ RunTime:0.001288s ]
INFO: [ app_end ] --END-- [ RunTime:0.002598s ]

[ 2016-12-06T09:44:44+08:00 ] ::1 /wx/index.php/Home/maplist
INFO: [ app_init ] --START--
INFO: Run Behavior\BuildLiteBehavior [ RunTime:0.000021s ]
INFO: [ app_init ] --END-- [ RunTime:0.000641s ]
INFO: [ app_begin ] --START--
INFO: Run Behavior\ReadHtmlCacheBehavior [ RunTime:0.000681s ]
INFO: [ app_begin ] --END-- [ RunTime:0.000775s ]
INFO: [ view_parse ] --START--
INFO: [ template_filter ] --START--
INFO: Run Behavior\ContentReplaceBehavior [ RunTime:0.000222s ]
INFO: [ template_filter ] --END-- [ RunTime:0.000298s ]
INFO: Run Behavior\ParseTemplateBehavior [ RunTime:0.021351s ]
INFO: [ view_parse ] --END-- [ RunTime:0.021530s ]
INFO: [ view_filter ] --START--
INFO: Run Behavior\WriteHtmlCacheBehavior [ RunTime:0.001043s ]
INFO: [ view_filter ] --END-- [ RunTime:0.001173s ]
INFO: [ app_end ] --START--
INFO: Run Behavior\ShowPageTraceBehavior [ RunTime:0.001188s ]
INFO: [ app_end ] --END-- [ RunTime:0.001311s ]

[ 2016-12-06T09:45:26+08:00 ] ::1 /wx/index.php/Home/upload/upload
INFO: [ app_init ] --START--
INFO: Run Behavior\BuildLiteBehavior [ RunTime:0.000016s ]
INFO: [ app_init ] --END-- [ RunTime:0.000412s ]
INFO: [ app_begin ] --START--
INFO: Run Behavior\ReadHtmlCacheBehavior [ RunTime:0.000519s ]
INFO: [ app_begin ] --END-- [ RunTime:0.000586s ]
NOTIC: [2] call_user_func() expects parameter 1 to be a valid callback, no array or string given D:\xampp\htdocs\wx\ThinkPHP\Library\Think\Upload.class.php 第 170 行.
NOTIC: [8] Undefined index: weixi D:\xampp\htdocs\wx\Application\Home\Controller\UploadController.class.php 第 37 行.
SQL: SHOW COLUMNS FROM `wx_xinxi` [ RunTime:0.0065s ]
SQL: INSERT INTO `wx_xinxi` (`name`,`sex`,`type`,`height`,`addre`,`age`,`money`,`tel`,`weixin`,`qq`,`xiangqing`,`img`) VALUES ('123','1','其他','3213','安康市','321','321','321',NULL,'3213','213213','584618368dbe0.jpg') [ RunTime:0.0281s ]

[ 2016-12-06T09:45:26+08:00 ] ::1 /wx/index.php/Home/index/index.html
INFO: [ app_init ] --START--
INFO: Run Behavior\BuildLiteBehavior [ RunTime:0.000015s ]
INFO: [ app_init ] --END-- [ RunTime:0.000463s ]
INFO: [ app_begin ] --START--
INFO: Run Behavior\ReadHtmlCacheBehavior [ RunTime:0.001011s ]
INFO: [ app_begin ] --END-- [ RunTime:0.001090s ]
SQL: SHOW COLUMNS FROM `wx_xinxi` [ RunTime:0.0079s ]
SQL: SELECT * FROM `wx_xinxi`  [ RunTime:0.0005s ]
INFO: [ view_parse ] --START--
INFO: [ template_filter ] --START--
INFO: Run Behavior\ContentReplaceBehavior [ RunTime:0.000167s ]
INFO: [ template_filter ] --END-- [ RunTime:0.000230s ]
NOTIC: [8] Use of undefined constant sex - assumed 'sex' D:\xampp\htdocs\wx\Application\Runtime\Cache\Home\2a94b8bda04ff446dcedd42276fc99ee.php 第 245 行.
NOTIC: [8] Use of undefined constant sex - assumed 'sex' D:\xampp\htdocs\wx\Application\Runtime\Cache\Home\2a94b8bda04ff446dcedd42276fc99ee.php 第 245 行.
NOTIC: [8] Use of undefined constant sex - assumed 'sex' D:\xampp\htdocs\wx\Application\Runtime\Cache\Home\2a94b8bda04ff446dcedd42276fc99ee.php 第 245 行.
NOTIC: [8] Use of undefined constant sex - assumed 'sex' D:\xampp\htdocs\wx\Application\Runtime\Cache\Home\2a94b8bda04ff446dcedd42276fc99ee.php 第 245 行.
NOTIC: [8] Use of undefined constant sex - assumed 'sex' D:\xampp\htdocs\wx\Application\Runtime\Cache\Home\2a94b8bda04ff446dcedd42276fc99ee.php 第 245 行.
NOTIC: [8] Use of undefined constant sex - assumed 'sex' D:\xampp\htdocs\wx\Application\Runtime\Cache\Home\2a94b8bda04ff446dcedd42276fc99ee.php 第 245 行.
NOTIC: [8] Use of undefined constant sex - assumed 'sex' D:\xampp\htdocs\wx\Application\Runtime\Cache\Home\2a94b8bda04ff446dcedd42276fc99ee.php 第 245 行.
NOTIC: [8] Use of undefined constant sex - assumed 'sex' D:\xampp\htdocs\wx\Application\Runtime\Cache\Home\2a94b8bda04ff446dcedd42276fc99ee.php 第 245 行.
INFO: Run Behavior\ParseTemplateBehavior [ RunTime:0.020683s ]
INFO: [ view_parse ] --END-- [ RunTime:0.020757s ]
INFO: [ view_filter ] --START--
INFO: Run Behavior\WriteHtmlCacheBehavior [ RunTime:0.000809s ]
INFO: [ view_filter ] --END-- [ RunTime:0.000861s ]
INFO: [ app_end ] --START--
INFO: Run Behavior\ShowPageTraceBehavior [ RunTime:0.002910s ]
INFO: [ app_end ] --END-- [ RunTime:0.002999s ]

[ 2016-12-06T09:46:40+08:00 ] ::1 /wx/index.php/Home/index
INFO: [ app_init ] --START--
INFO: Run Behavior\BuildLiteBehavior [ RunTime:0.000017s ]
INFO: [ app_init ] --END-- [ RunTime:0.000480s ]
INFO: [ app_begin ] --START--
INFO: Run Behavior\ReadHtmlCacheBehavior [ RunTime:0.001220s ]
INFO: [ app_begin ] --END-- [ RunTime:0.001325s ]
SQL: SHOW COLUMNS FROM `wx_xinxi` [ RunTime:0.0064s ]
SQL: SELECT * FROM `wx_xinxi`  [ RunTime:0.0005s ]
INFO: [ view_parse ] --START--
INFO: [ template_filter ] --START--
INFO: Run Behavior\ContentReplaceBehavior [ RunTime:0.000185s ]
INFO: [ template_filter ] --END-- [ RunTime:0.000276s ]
NOTIC: [8] Use of undefined constant sex - assumed 'sex' D:\xampp\htdocs\wx\Application\Runtime\Cache\Home\2a94b8bda04ff446dcedd42276fc99ee.php 第 245 行.
NOTIC: [8] Use of undefined constant sex - assumed 'sex' D:\xampp\htdocs\wx\Application\Runtime\Cache\Home\2a94b8bda04ff446dcedd42276fc99ee.php 第 245 行.
NOTIC: [8] Use of undefined constant sex - assumed 'sex' D:\xampp\htdocs\wx\Application\Runtime\Cache\Home\2a94b8bda04ff446dcedd42276fc99ee.php 第 245 行.
NOTIC: [8] Use of undefined constant sex - assumed 'sex' D:\xampp\htdocs\wx\Application\Runtime\Cache\Home\2a94b8bda04ff446dcedd42276fc99ee.php 第 245 行.
NOTIC: [8] Use of undefined constant sex - assumed 'sex' D:\xampp\htdocs\wx\Application\Runtime\Cache\Home\2a94b8bda04ff446dcedd42276fc99ee.php 第 245 行.
NOTIC: [8] Use of undefined constant sex - assumed 'sex' D:\xampp\htdocs\wx\Application\Runtime\Cache\Home\2a94b8bda04ff446dcedd42276fc99ee.php 第 245 行.
NOTIC: [8] Use of undefined constant sex - assumed 'sex' D:\xampp\htdocs\wx\Application\Runtime\Cache\Home\2a94b8bda04ff446dcedd42276fc99ee.php 第 245 行.
NOTIC: [8] Use of undefined constant sex - assumed 'sex' D:\xampp\htdocs\wx\Application\Runtime\Cache\Home\2a94b8bda04ff446dcedd42276fc99ee.php 第 245 行.
INFO: Run Behavior\ParseTemplateBehavior [ RunTime:0.019930s ]
INFO: [ view_parse ] --END-- [ RunTime:0.020015s ]
INFO: [ view_filter ] --START--
INFO: Run Behavior\WriteHtmlCacheBehavior [ RunTime:0.000787s ]
INFO: [ view_filter ] --END-- [ RunTime:0.000841s ]
INFO: [ app_end ] --START--
INFO: Run Behavior\ShowPageTraceBehavior [ RunTime:0.002205s ]
INFO: [ app_end ] --END-- [ RunTime:0.002299s ]

[ 2016-12-06T09:48:35+08:00 ] ::1 /wx/index.php/Home/index
INFO: [ app_init ] --START--
INFO: Run Behavior\BuildLiteBehavior [ RunTime:0.000020s ]
INFO: [ app_init ] --END-- [ RunTime:0.000899s ]
INFO: [ app_begin ] --START--
INFO: Run Behavior\ReadHtmlCacheBehavior [ RunTime:0.001253s ]
INFO: [ app_begin ] --END-- [ RunTime:0.001362s ]
SQL: SHOW COLUMNS FROM `wx_xinxi` [ RunTime:0.0077s ]
SQL: SELECT * FROM `wx_xinxi`  [ RunTime:0.0007s ]
INFO: [ view_parse ] --START--
INFO: [ template_filter ] --START--
INFO: Run Behavior\ContentReplaceBehavior [ RunTime:0.000215s ]
INFO: [ template_filter ] --END-- [ RunTime:0.000289s ]
NOTIC: [8] Use of undefined constant sex - assumed 'sex' D:\xampp\htdocs\wx\Application\Runtime\Cache\Home\2a94b8bda04ff446dcedd42276fc99ee.php 第 245 行.
NOTIC: [8] Use of undefined constant sex - assumed 'sex' D:\xampp\htdocs\wx\Application\Runtime\Cache\Home\2a94b8bda04ff446dcedd42276fc99ee.php 第 245 行.
NOTIC: [8] Use of undefined constant sex - assumed 'sex' D:\xampp\htdocs\wx\Application\Runtime\Cache\Home\2a94b8bda04ff446dcedd42276fc99ee.php 第 245 行.
NOTIC: [8] Use of undefined constant sex - assumed 'sex' D:\xampp\htdocs\wx\Application\Runtime\Cache\Home\2a94b8bda04ff446dcedd42276fc99ee.php 第 245 行.
NOTIC: [8] Use of undefined constant sex - assumed 'sex' D:\xampp\htdocs\wx\Application\Runtime\Cache\Home\2a94b8bda04ff446dcedd42276fc99ee.php 第 245 行.
NOTIC: [8] Use of undefined constant sex - assumed 'sex' D:\xampp\htdocs\wx\Application\Runtime\Cache\Home\2a94b8bda04ff446dcedd42276fc99ee.php 第 245 行.
NOTIC: [8] Use of undefined constant sex - assumed 'sex' D:\xampp\htdocs\wx\Application\Runtime\Cache\Home\2a94b8bda04ff446dcedd42276fc99ee.php 第 245 行.
NOTIC: [8] Use of undefined constant sex - assumed 'sex' D:\xampp\htdocs\wx\Application\Runtime\Cache\Home\2a94b8bda04ff446dcedd42276fc99ee.php 第 245 行.
INFO: Run Behavior\ParseTemplateBehavior [ RunTime:0.023639s ]
INFO: [ view_parse ] --END-- [ RunTime:0.023728s ]
INFO: [ view_filter ] --START--
INFO: Run Behavior\WriteHtmlCacheBehavior [ RunTime:0.000791s ]
INFO: [ view_filter ] --END-- [ RunTime:0.000862s ]
INFO: [ app_end ] --START--
INFO: Run Behavior\ShowPageTraceBehavior [ RunTime:0.002038s ]
INFO: [ app_end ] --END-- [ RunTime:0.002137s ]

[ 2016-12-06T09:48:50+08:00 ] ::1 /wx/index.php/Home/index
INFO: [ app_init ] --START--
INFO: Run Behavior\BuildLiteBehavior [ RunTime:0.000016s ]
INFO: [ app_init ] --END-- [ RunTime:0.000458s ]
INFO: [ app_begin ] --START--
INFO: Run Behavior\ReadHtmlCacheBehavior [ RunTime:0.001360s ]
INFO: [ app_begin ] --END-- [ RunTime:0.001437s ]
SQL: SHOW COLUMNS FROM `wx_xinxi` [ RunTime:0.0061s ]
SQL: SELECT * FROM `wx_xinxi`  [ RunTime:0.0006s ]
INFO: [ view_parse ] --START--
INFO: [ template_filter ] --START--
INFO: Run Behavior\ContentReplaceBehavior [ RunTime:0.000212s ]
INFO: [ template_filter ] --END-- [ RunTime:0.000298s ]
NOTIC: [8] Use of undefined constant sex - assumed 'sex' D:\xampp\htdocs\wx\Application\Runtime\Cache\Home\2a94b8bda04ff446dcedd42276fc99ee.php 第 245 行.
NOTIC: [8] Use of undefined constant sex - assumed 'sex' D:\xampp\htdocs\wx\Application\Runtime\Cache\Home\2a94b8bda04ff446dcedd42276fc99ee.php 第 245 行.
NOTIC: [8] Use of undefined constant sex - assumed 'sex' D:\xampp\htdocs\wx\Application\Runtime\Cache\Home\2a94b8bda04ff446dcedd42276fc99ee.php 第 245 行.
NOTIC: [8] Use of undefined constant sex - assumed 'sex' D:\xampp\htdocs\wx\Application\Runtime\Cache\Home\2a94b8bda04ff446dcedd42276fc99ee.php 第 245 行.
NOTIC: [8] Use of undefined constant sex - assumed 'sex' D:\xampp\htdocs\wx\Application\Runtime\Cache\Home\2a94b8bda04ff446dcedd42276fc99ee.php 第 245 行.
NOTIC: [8] Use of undefined constant sex - assumed 'sex' D:\xampp\htdocs\wx\Application\Runtime\Cache\Home\2a94b8bda04ff446dcedd42276fc99ee.php 第 245 行.
NOTIC: [8] Use of undefined constant sex - assumed 'sex' D:\xampp\htdocs\wx\Application\Runtime\Cache\Home\2a94b8bda04ff446dcedd42276fc99ee.php 第 245 行.
NOTIC: [8] Use of undefined constant sex - assumed 'sex' D:\xampp\htdocs\wx\Application\Runtime\Cache\Home\2a94b8bda04ff446dcedd42276fc99ee.php 第 245 行.
INFO: Run Behavior\ParseTemplateBehavior [ RunTime:0.022231s ]
INFO: [ view_parse ] --END-- [ RunTime:0.022290s ]
INFO: [ view_filter ] --START--
INFO: Run Behavior\WriteHtmlCacheBehavior [ RunTime:0.000622s ]
INFO: [ view_filter ] --END-- [ RunTime:0.000673s ]
INFO: [ app_end ] --START--
INFO: Run Behavior\ShowPageTraceBehavior [ RunTime:0.001376s ]
INFO: [ app_end ] --END-- [ RunTime:0.001476s ]

[ 2016-12-06T09:49:00+08:00 ] ::1 /wx/index.php/Home/index
INFO: [ app_init ] --START--
INFO: Run Behavior\BuildLiteBehavior [ RunTime:0.000029s ]
INFO: [ app_init ] --END-- [ RunTime:0.000969s ]
INFO: [ app_begin ] --START--
INFO: Run Behavior\ReadHtmlCacheBehavior [ RunTime:0.001013s ]
INFO: [ app_begin ] --END-- [ RunTime:0.001111s ]
SQL: SHOW COLUMNS FROM `wx_xinxi` [ RunTime:0.0081s ]
SQL: SELECT * FROM `wx_xinxi`  [ RunTime:0.0007s ]
INFO: [ view_parse ] --START--
INFO: [ template_filter ] --START--
INFO: Run Behavior\ContentReplaceBehavior [ RunTime:0.000213s ]
INFO: [ template_filter ] --END-- [ RunTime:0.000289s ]
NOTIC: [8] Use of undefined constant sex - assumed 'sex' D:\xampp\htdocs\wx\Application\Runtime\Cache\Home\2a94b8bda04ff446dcedd42276fc99ee.php 第 245 行.
NOTIC: [8] Use of undefined constant sex - assumed 'sex' D:\xampp\htdocs\wx\Application\Runtime\Cache\Home\2a94b8bda04ff446dcedd42276fc99ee.php 第 245 行.
NOTIC: [8] Use of undefined constant sex - assumed 'sex' D:\xampp\htdocs\wx\Application\Runtime\Cache\Home\2a94b8bda04ff446dcedd42276fc99ee.php 第 245 行.
NOTIC: [8] Use of undefined constant sex - assumed 'sex' D:\xampp\htdocs\wx\Application\Runtime\Cache\Home\2a94b8bda04ff446dcedd42276fc99ee.php 第 245 行.
NOTIC: [8] Use of undefined constant sex - assumed 'sex' D:\xampp\htdocs\wx\Application\Runtime\Cache\Home\2a94b8bda04ff446dcedd42276fc99ee.php 第 245 行.
NOTIC: [8] Use of undefined constant sex - assumed 'sex' D:\xampp\htdocs\wx\Application\Runtime\Cache\Home\2a94b8bda04ff446dcedd42276fc99ee.php 第 245 行.
NOTIC: [8] Use of undefined constant sex - assumed 'sex' D:\xampp\htdocs\wx\Application\Runtime\Cache\Home\2a94b8bda04ff446dcedd42276fc99ee.php 第 245 行.
NOTIC: [8] Use of undefined constant sex - assumed 'sex' D:\xampp\htdocs\wx\Application\Runtime\Cache\Home\2a94b8bda04ff446dcedd42276fc99ee.php 第 245 行.
INFO: Run Behavior\ParseTemplateBehavior [ RunTime:0.023971s ]
INFO: [ view_parse ] --END-- [ RunTime:0.024049s ]
INFO: [ view_filter ] --START--
INFO: Run Behavior\WriteHtmlCacheBehavior [ RunTime:0.000848s ]
INFO: [ view_filter ] --END-- [ RunTime:0.000917s ]
INFO: [ app_end ] --START--
INFO: Run Behavior\ShowPageTraceBehavior [ RunTime:0.002403s ]
INFO: [ app_end ] --END-- [ RunTime:0.002518s ]

[ 2016-12-06T09:49:15+08:00 ] ::1 /wx/index.php/Home/index
INFO: [ app_init ] --START--
INFO: Run Behavior\BuildLiteBehavior [ RunTime:0.000023s ]
INFO: [ app_init ] --END-- [ RunTime:0.000738s ]
INFO: [ app_begin ] --START--
INFO: Run Behavior\ReadHtmlCacheBehavior [ RunTime:0.000953s ]
INFO: [ app_begin ] --END-- [ RunTime:0.001059s ]
SQL: SHOW COLUMNS FROM `wx_xinxi` [ RunTime:0.0078s ]
SQL: SELECT * FROM `wx_xinxi`  [ RunTime:0.0007s ]
INFO: [ view_parse ] --START--
INFO: [ template_filter ] --START--
INFO: Run Behavior\ContentReplaceBehavior [ RunTime:0.000195s ]
INFO: [ template_filter ] --END-- [ RunTime:0.000273s ]
NOTIC: [8] Use of undefined constant sex - assumed 'sex' D:\xampp\htdocs\wx\Application\Runtime\Cache\Home\2a94b8bda04ff446dcedd42276fc99ee.php 第 245 行.
NOTIC: [8] Use of undefined constant sex - assumed 'sex' D:\xampp\htdocs\wx\Application\Runtime\Cache\Home\2a94b8bda04ff446dcedd42276fc99ee.php 第 245 行.
NOTIC: [8] Use of undefined constant sex - assumed 'sex' D:\xampp\htdocs\wx\Application\Runtime\Cache\Home\2a94b8bda04ff446dcedd42276fc99ee.php 第 245 行.
NOTIC: [8] Use of undefined constant sex - assumed 'sex' D:\xampp\htdocs\wx\Application\Runtime\Cache\Home\2a94b8bda04ff446dcedd42276fc99ee.php 第 245 行.
NOTIC: [8] Use of undefined constant sex - assumed 'sex' D:\xampp\htdocs\wx\Application\Runtime\Cache\Home\2a94b8bda04ff446dcedd42276fc99ee.php 第 245 行.
NOTIC: [8] Use of undefined constant sex - assumed 'sex' D:\xampp\htdocs\wx\Application\Runtime\Cache\Home\2a94b8bda04ff446dcedd42276fc99ee.php 第 245 行.
NOTIC: [8] Use of undefined constant sex - assumed 'sex' D:\xampp\htdocs\wx\Application\Runtime\Cache\Home\2a94b8bda04ff446dcedd42276fc99ee.php 第 245 行.
NOTIC: [8] Use of undefined constant sex - assumed 'sex' D:\xampp\htdocs\wx\Application\Runtime\Cache\Home\2a94b8bda04ff446dcedd42276fc99ee.php 第 245 行.
INFO: Run Behavior\ParseTemplateBehavior [ RunTime:0.022845s ]
INFO: [ view_parse ] --END-- [ RunTime:0.022930s ]
INFO: [ view_filter ] --START--
INFO: Run Behavior\WriteHtmlCacheBehavior [ RunTime:0.000571s ]
INFO: [ view_filter ] --END-- [ RunTime:0.000641s ]
INFO: [ app_end ] --START--
INFO: Run Behavior\ShowPageTraceBehavior [ RunTime:0.001013s ]
INFO: [ app_end ] --END-- [ RunTime:0.001148s ]

[ 2016-12-06T09:49:26+08:00 ] ::1 /wx/index.php/Home/index
INFO: [ app_init ] --START--
INFO: Run Behavior\BuildLiteBehavior [ RunTime:0.000018s ]
INFO: [ app_init ] --END-- [ RunTime:0.001083s ]
INFO: [ app_begin ] --START--
INFO: Run Behavior\ReadHtmlCacheBehavior [ RunTime:0.000676s ]
INFO: [ app_begin ] --END-- [ RunTime:0.000747s ]
SQL: SHOW COLUMNS FROM `wx_xinxi` [ RunTime:0.0100s ]
SQL: SELECT * FROM `wx_xinxi`  [ RunTime:0.0007s ]
INFO: [ view_parse ] --START--
INFO: [ template_filter ] --START--
INFO: Run Behavior\ContentReplaceBehavior [ RunTime:0.000198s ]
INFO: [ template_filter ] --END-- [ RunTime:0.000273s ]
NOTIC: [8] Use of undefined constant sex - assumed 'sex' D:\xampp\htdocs\wx\Application\Runtime\Cache\Home\2a94b8bda04ff446dcedd42276fc99ee.php 第 245 行.
NOTIC: [8] Use of undefined constant sex - assumed 'sex' D:\xampp\htdocs\wx\Application\Runtime\Cache\Home\2a94b8bda04ff446dcedd42276fc99ee.php 第 245 行.
NOTIC: [8] Use of undefined constant sex - assumed 'sex' D:\xampp\htdocs\wx\Application\Runtime\Cache\Home\2a94b8bda04ff446dcedd42276fc99ee.php 第 245 行.
NOTIC: [8] Use of undefined constant sex - assumed 'sex' D:\xampp\htdocs\wx\Application\Runtime\Cache\Home\2a94b8bda04ff446dcedd42276fc99ee.php 第 245 行.
NOTIC: [8] Use of undefined constant sex - assumed 'sex' D:\xampp\htdocs\wx\Application\Runtime\Cache\Home\2a94b8bda04ff446dcedd42276fc99ee.php 第 245 行.
NOTIC: [8] Use of undefined constant sex - assumed 'sex' D:\xampp\htdocs\wx\Application\Runtime\Cache\Home\2a94b8bda04ff446dcedd42276fc99ee.php 第 245 行.
NOTIC: [8] Use of undefined constant sex - assumed 'sex' D:\xampp\htdocs\wx\Application\Runtime\Cache\Home\2a94b8bda04ff446dcedd42276fc99ee.php 第 245 行.
NOTIC: [8] Use of undefined constant sex - assumed 'sex' D:\xampp\htdocs\wx\Application\Runtime\Cache\Home\2a94b8bda04ff446dcedd42276fc99ee.php 第 245 行.
INFO: Run Behavior\ParseTemplateBehavior [ RunTime:0.023411s ]
INFO: [ view_parse ] --END-- [ RunTime:0.023487s ]
INFO: [ view_filter ] --START--
INFO: Run Behavior\WriteHtmlCacheBehavior [ RunTime:0.000571s ]
INFO: [ view_filter ] --END-- [ RunTime:0.000635s ]
INFO: [ app_end ] --START--
INFO: Run Behavior\ShowPageTraceBehavior [ RunTime:0.000927s ]
INFO: [ app_end ] --END-- [ RunTime:0.001026s ]

[ 2016-12-06T09:49:33+08:00 ] ::1 /wx/index.php/Home/index
INFO: [ app_init ] --START--
INFO: Run Behavior\BuildLiteBehavior [ RunTime:0.000019s ]
INFO: [ app_init ] --END-- [ RunTime:0.000631s ]
INFO: [ app_begin ] --START--
INFO: Run Behavior\ReadHtmlCacheBehavior [ RunTime:0.001086s ]
INFO: [ app_begin ] --END-- [ RunTime:0.001181s ]
SQL: SHOW COLUMNS FROM `wx_xinxi` [ RunTime:0.0226s ]
SQL: SELECT * FROM `wx_xinxi`  [ RunTime:0.0006s ]
INFO: [ view_parse ] --START--
INFO: [ template_filter ] --START--
INFO: Run Behavior\ContentReplaceBehavior [ RunTime:0.000203s ]
INFO: [ template_filter ] --END-- [ RunTime:0.000279s ]
NOTIC: [8] Use of undefined constant sex - assumed 'sex' D:\xampp\htdocs\wx\Application\Runtime\Cache\Home\2a94b8bda04ff446dcedd42276fc99ee.php 第 245 行.
NOTIC: [8] Use of undefined constant sex - assumed 'sex' D:\xampp\htdocs\wx\Application\Runtime\Cache\Home\2a94b8bda04ff446dcedd42276fc99ee.php 第 245 行.
NOTIC: [8] Use of undefined constant sex - assumed 'sex' D:\xampp\htdocs\wx\Application\Runtime\Cache\Home\2a94b8bda04ff446dcedd42276fc99ee.php 第 245 行.
NOTIC: [8] Use of undefined constant sex - assumed 'sex' D:\xampp\htdocs\wx\Application\Runtime\Cache\Home\2a94b8bda04ff446dcedd42276fc99ee.php 第 245 行.
NOTIC: [8] Use of undefined constant sex - assumed 'sex' D:\xampp\htdocs\wx\Application\Runtime\Cache\Home\2a94b8bda04ff446dcedd42276fc99ee.php 第 245 行.
NOTIC: [8] Use of undefined constant sex - assumed 'sex' D:\xampp\htdocs\wx\Application\Runtime\Cache\Home\2a94b8bda04ff446dcedd42276fc99ee.php 第 245 行.
NOTIC: [8] Use of undefined constant sex - assumed 'sex' D:\xampp\htdocs\wx\Application\Runtime\Cache\Home\2a94b8bda04ff446dcedd42276fc99ee.php 第 245 行.
NOTIC: [8] Use of undefined constant sex - assumed 'sex' D:\xampp\htdocs\wx\Application\Runtime\Cache\Home\2a94b8bda04ff446dcedd42276fc99ee.php 第 245 行.
INFO: Run Behavior\ParseTemplateBehavior [ RunTime:0.023086s ]
INFO: [ view_parse ] --END-- [ RunTime:0.023160s ]
INFO: [ view_filter ] --START--
INFO: Run Behavior\WriteHtmlCacheBehavior [ RunTime:0.000794s ]
INFO: [ view_filter ] --END-- [ RunTime:0.000862s ]
INFO: [ app_end ] --START--
INFO: Run Behavior\ShowPageTraceBehavior [ RunTime:0.002535s ]
INFO: [ app_end ] --END-- [ RunTime:0.002649s ]

[ 2016-12-06T09:49:47+08:00 ] ::1 /wx/index.php/Home/index
INFO: [ app_init ] --START--
INFO: Run Behavior\BuildLiteBehavior [ RunTime:0.000015s ]
INFO: [ app_init ] --END-- [ RunTime:0.000419s ]
INFO: [ app_begin ] --START--
INFO: Run Behavior\ReadHtmlCacheBehavior [ RunTime:0.000518s ]
INFO: [ app_begin ] --END-- [ RunTime:0.000585s ]
SQL: SHOW COLUMNS FROM `wx_xinxi` [ RunTime:0.0057s ]
SQL: SELECT * FROM `wx_xinxi`  [ RunTime:0.0006s ]
INFO: [ view_parse ] --START--
INFO: [ template_filter ] --START--
INFO: Run Behavior\ContentReplaceBehavior [ RunTime:0.000242s ]
INFO: [ template_filter ] --END-- [ RunTime:0.000357s ]
NOTIC: [8] Use of undefined constant sex - assumed 'sex' D:\xampp\htdocs\wx\Application\Runtime\Cache\Home\2a94b8bda04ff446dcedd42276fc99ee.php 第 245 行.
NOTIC: [8] Use of undefined constant sex - assumed 'sex' D:\xampp\htdocs\wx\Application\Runtime\Cache\Home\2a94b8bda04ff446dcedd42276fc99ee.php 第 245 行.
NOTIC: [8] Use of undefined constant sex - assumed 'sex' D:\xampp\htdocs\wx\Application\Runtime\Cache\Home\2a94b8bda04ff446dcedd42276fc99ee.php 第 245 行.
NOTIC: [8] Use of undefined constant sex - assumed 'sex' D:\xampp\htdocs\wx\Application\Runtime\Cache\Home\2a94b8bda04ff446dcedd42276fc99ee.php 第 245 行.
NOTIC: [8] Use of undefined constant sex - assumed 'sex' D:\xampp\htdocs\wx\Application\Runtime\Cache\Home\2a94b8bda04ff446dcedd42276fc99ee.php 第 245 行.
NOTIC: [8] Use of undefined constant sex - assumed 'sex' D:\xampp\htdocs\wx\Application\Runtime\Cache\Home\2a94b8bda04ff446dcedd42276fc99ee.php 第 245 行.
NOTIC: [8] Use of undefined constant sex - assumed 'sex' D:\xampp\htdocs\wx\Application\Runtime\Cache\Home\2a94b8bda04ff446dcedd42276fc99ee.php 第 245 行.
NOTIC: [8] Use of undefined constant sex - assumed 'sex' D:\xampp\htdocs\wx\Application\Runtime\Cache\Home\2a94b8bda04ff446dcedd42276fc99ee.php 第 245 行.
INFO: Run Behavior\ParseTemplateBehavior [ RunTime:0.019769s ]
INFO: [ view_parse ] --END-- [ RunTime:0.019845s ]
INFO: [ view_filter ] --START--
INFO: Run Behavior\WriteHtmlCacheBehavior [ RunTime:0.000456s ]
INFO: [ view_filter ] --END-- [ RunTime:0.000532s ]
INFO: [ app_end ] --START--
INFO: Run Behavior\ShowPageTraceBehavior [ RunTime:0.000744s ]
INFO: [ app_end ] --END-- [ RunTime:0.000842s ]

[ 2016-12-06T09:50:44+08:00 ] ::1 /wx/index.php/Home/index
INFO: [ app_init ] --START--
INFO: Run Behavior\BuildLiteBehavior [ RunTime:0.000018s ]
INFO: [ app_init ] --END-- [ RunTime:0.000476s ]
INFO: [ app_begin ] --START--
INFO: Run Behavior\ReadHtmlCacheBehavior [ RunTime:0.000685s ]
INFO: [ app_begin ] --END-- [ RunTime:0.000766s ]
SQL: SHOW COLUMNS FROM `wx_xinxi` [ RunTime:0.0072s ]
SQL: SELECT * FROM `wx_xinxi`  [ RunTime:0.0008s ]
INFO: [ view_parse ] --START--
INFO: [ template_filter ] --START--
INFO: Run Behavior\ContentReplaceBehavior [ RunTime:0.000192s ]
INFO: [ template_filter ] --END-- [ RunTime:0.000278s ]
NOTIC: [8] Use of undefined constant sex - assumed 'sex' D:\xampp\htdocs\wx\Application\Runtime\Cache\Home\2a94b8bda04ff446dcedd42276fc99ee.php 第 245 行.
NOTIC: [8] Use of undefined constant sex - assumed 'sex' D:\xampp\htdocs\wx\Application\Runtime\Cache\Home\2a94b8bda04ff446dcedd42276fc99ee.php 第 245 行.
NOTIC: [8] Use of undefined constant sex - assumed 'sex' D:\xampp\htdocs\wx\Application\Runtime\Cache\Home\2a94b8bda04ff446dcedd42276fc99ee.php 第 245 行.
NOTIC: [8] Use of undefined constant sex - assumed 'sex' D:\xampp\htdocs\wx\Application\Runtime\Cache\Home\2a94b8bda04ff446dcedd42276fc99ee.php 第 245 行.
NOTIC: [8] Use of undefined constant sex - assumed 'sex' D:\xampp\htdocs\wx\Application\Runtime\Cache\Home\2a94b8bda04ff446dcedd42276fc99ee.php 第 245 行.
NOTIC: [8] Use of undefined constant sex - assumed 'sex' D:\xampp\htdocs\wx\Application\Runtime\Cache\Home\2a94b8bda04ff446dcedd42276fc99ee.php 第 245 行.
NOTIC: [8] Use of undefined constant sex - assumed 'sex' D:\xampp\htdocs\wx\Application\Runtime\Cache\Home\2a94b8bda04ff446dcedd42276fc99ee.php 第 245 行.
NOTIC: [8] Use of undefined constant sex - assumed 'sex' D:\xampp\htdocs\wx\Application\Runtime\Cache\Home\2a94b8bda04ff446dcedd42276fc99ee.php 第 245 行.
INFO: Run Behavior\ParseTemplateBehavior [ RunTime:0.023443s ]
INFO: [ view_parse ] --END-- [ RunTime:0.023520s ]
INFO: [ view_filter ] --START--
INFO: Run Behavior\WriteHtmlCacheBehavior [ RunTime:0.000376s ]
INFO: [ view_filter ] --END-- [ RunTime:0.000460s ]
INFO: [ app_end ] --START--
INFO: Run Behavior\ShowPageTraceBehavior [ RunTime:0.000733s ]
INFO: [ app_end ] --END-- [ RunTime:0.000852s ]

[ 2016-12-06T09:51:00+08:00 ] ::1 /wx/index.php/Home/index
INFO: [ app_init ] --START--
INFO: Run Behavior\BuildLiteBehavior [ RunTime:0.000015s ]
INFO: [ app_init ] --END-- [ RunTime:0.000443s ]
INFO: [ app_begin ] --START--
INFO: Run Behavior\ReadHtmlCacheBehavior [ RunTime:0.000779s ]
INFO: [ app_begin ] --END-- [ RunTime:0.000862s ]
SQL: SHOW COLUMNS FROM `wx_xinxi` [ RunTime:0.0058s ]
SQL: SELECT * FROM `wx_xinxi`  [ RunTime:0.0015s ]
INFO: [ view_parse ] --START--
INFO: [ template_filter ] --START--
INFO: Run Behavior\ContentReplaceBehavior [ RunTime:0.000156s ]
INFO: [ template_filter ] --END-- [ RunTime:0.000216s ]
NOTIC: [8] Use of undefined constant sex - assumed 'sex' D:\xampp\htdocs\wx\Application\Runtime\Cache\Home\2a94b8bda04ff446dcedd42276fc99ee.php 第 245 行.
NOTIC: [8] Use of undefined constant sex - assumed 'sex' D:\xampp\htdocs\wx\Application\Runtime\Cache\Home\2a94b8bda04ff446dcedd42276fc99ee.php 第 245 行.
NOTIC: [8] Use of undefined constant sex - assumed 'sex' D:\xampp\htdocs\wx\Application\Runtime\Cache\Home\2a94b8bda04ff446dcedd42276fc99ee.php 第 245 行.
NOTIC: [8] Use of undefined constant sex - assumed 'sex' D:\xampp\htdocs\wx\Application\Runtime\Cache\Home\2a94b8bda04ff446dcedd42276fc99ee.php 第 245 行.
NOTIC: [8] Use of undefined constant sex - assumed 'sex' D:\xampp\htdocs\wx\Application\Runtime\Cache\Home\2a94b8bda04ff446dcedd42276fc99ee.php 第 245 行.
NOTIC: [8] Use of undefined constant sex - assumed 'sex' D:\xampp\htdocs\wx\Application\Runtime\Cache\Home\2a94b8bda04ff446dcedd42276fc99ee.php 第 245 行.
NOTIC: [8] Use of undefined constant sex - assumed 'sex' D:\xampp\htdocs\wx\Application\Runtime\Cache\Home\2a94b8bda04ff446dcedd42276fc99ee.php 第 245 行.
NOTIC: [8] Use of undefined constant sex - assumed 'sex' D:\xampp\htdocs\wx\Application\Runtime\Cache\Home\2a94b8bda04ff446dcedd42276fc99ee.php 第 245 行.
INFO: Run Behavior\ParseTemplateBehavior [ RunTime:0.020013s ]
INFO: [ view_parse ] --END-- [ RunTime:0.020073s ]
INFO: [ view_filter ] --START--
INFO: Run Behavior\WriteHtmlCacheBehavior [ RunTime:0.000466s ]
INFO: [ view_filter ] --END-- [ RunTime:0.000517s ]
INFO: [ app_end ] --START--
INFO: Run Behavior\ShowPageTraceBehavior [ RunTime:0.001024s ]
INFO: [ app_end ] --END-- [ RunTime:0.001135s ]

[ 2016-12-06T09:51:10+08:00 ] ::1 /wx/index.php/Home/index
INFO: [ app_init ] --START--
INFO: Run Behavior\BuildLiteBehavior [ RunTime:0.000018s ]
INFO: [ app_init ] --END-- [ RunTime:0.000849s ]
INFO: [ app_begin ] --START--
INFO: Run Behavior\ReadHtmlCacheBehavior [ RunTime:0.000557s ]
INFO: [ app_begin ] --END-- [ RunTime:0.000625s ]
SQL: SHOW COLUMNS FROM `wx_xinxi` [ RunTime:0.0080s ]
SQL: SELECT * FROM `wx_xinxi`  [ RunTime:0.0006s ]
INFO: [ view_parse ] --START--
INFO: [ template_filter ] --START--
INFO: Run Behavior\ContentReplaceBehavior [ RunTime:0.000328s ]
INFO: [ template_filter ] --END-- [ RunTime:0.000427s ]
NOTIC: [8] Use of undefined constant sex - assumed 'sex' D:\xampp\htdocs\wx\Application\Runtime\Cache\Home\2a94b8bda04ff446dcedd42276fc99ee.php 第 245 行.
NOTIC: [8] Use of undefined constant sex - assumed 'sex' D:\xampp\htdocs\wx\Application\Runtime\Cache\Home\2a94b8bda04ff446dcedd42276fc99ee.php 第 245 行.
NOTIC: [8] Use of undefined constant sex - assumed 'sex' D:\xampp\htdocs\wx\Application\Runtime\Cache\Home\2a94b8bda04ff446dcedd42276fc99ee.php 第 245 行.
NOTIC: [8] Use of undefined constant sex - assumed 'sex' D:\xampp\htdocs\wx\Application\Runtime\Cache\Home\2a94b8bda04ff446dcedd42276fc99ee.php 第 245 行.
NOTIC: [8] Use of undefined constant sex - assumed 'sex' D:\xampp\htdocs\wx\Application\Runtime\Cache\Home\2a94b8bda04ff446dcedd42276fc99ee.php 第 245 行.
NOTIC: [8] Use of undefined constant sex - assumed 'sex' D:\xampp\htdocs\wx\Application\Runtime\Cache\Home\2a94b8bda04ff446dcedd42276fc99ee.php 第 245 行.
NOTIC: [8] Use of undefined constant sex - assumed 'sex' D:\xampp\htdocs\wx\Application\Runtime\Cache\Home\2a94b8bda04ff446dcedd42276fc99ee.php 第 245 行.
NOTIC: [8] Use of undefined constant sex - assumed 'sex' D:\xampp\htdocs\wx\Application\Runtime\Cache\Home\2a94b8bda04ff446dcedd42276fc99ee.php 第 245 行.
INFO: Run Behavior\ParseTemplateBehavior [ RunTime:0.019528s ]
INFO: [ view_parse ] --END-- [ RunTime:0.019621s ]
INFO: [ view_filter ] --START--
INFO: Run Behavior\WriteHtmlCacheBehavior [ RunTime:0.000379s ]
INFO: [ view_filter ] --END-- [ RunTime:0.000427s ]
INFO: [ app_end ] --START--
INFO: Run Behavior\ShowPageTraceBehavior [ RunTime:0.000807s ]
INFO: [ app_end ] --END-- [ RunTime:0.000899s ]

[ 2016-12-06T09:51:41+08:00 ] ::1 /wx/index.php/home/index/ajax/id/5
INFO: [ app_init ] --START--
INFO: Run Behavior\BuildLiteBehavior [ RunTime:0.000015s ]
INFO: [ app_init ] --END-- [ RunTime:0.000474s ]
INFO: [ app_begin ] --START--
INFO: Run Behavior\ReadHtmlCacheBehavior [ RunTime:0.000837s ]
INFO: [ app_begin ] --END-- [ RunTime:0.000928s ]
SQL: SHOW COLUMNS FROM `wx_xinxi` [ RunTime:0.0057s ]
SQL: SELECT * FROM `wx_xinxi` WHERE ( id = 5  )  [ RunTime:0.0009s ]

[ 2016-12-06T09:51:43+08:00 ] ::1 /wx/index.php/home/index/ajax/id/6
INFO: [ app_init ] --START--
INFO: Run Behavior\BuildLiteBehavior [ RunTime:0.000020s ]
INFO: [ app_init ] --END-- [ RunTime:0.000543s ]
INFO: [ app_begin ] --START--
INFO: Run Behavior\ReadHtmlCacheBehavior [ RunTime:0.000661s ]
INFO: [ app_begin ] --END-- [ RunTime:0.000742s ]
SQL: SHOW COLUMNS FROM `wx_xinxi` [ RunTime:0.0067s ]
SQL: SELECT * FROM `wx_xinxi` WHERE ( id = 6  )  [ RunTime:0.0004s ]

[ 2016-12-06T09:52:15+08:00 ] ::1 /wx/index.php/Home/index
INFO: [ app_init ] --START--
INFO: Run Behavior\BuildLiteBehavior [ RunTime:0.000021s ]
INFO: [ app_init ] --END-- [ RunTime:0.000542s ]
INFO: [ app_begin ] --START--
INFO: Run Behavior\ReadHtmlCacheBehavior [ RunTime:0.001234s ]
INFO: [ app_begin ] --END-- [ RunTime:0.001334s ]
SQL: SHOW COLUMNS FROM `wx_xinxi` [ RunTime:0.0068s ]
SQL: SELECT * FROM `wx_xinxi`  [ RunTime:0.0023s ]
INFO: [ view_parse ] --START--
INFO: [ template_filter ] --START--
INFO: Run Behavior\ContentReplaceBehavior [ RunTime:0.000200s ]
INFO: [ template_filter ] --END-- [ RunTime:0.000333s ]
NOTIC: [8] Use of undefined constant sex - assumed 'sex' D:\xampp\htdocs\wx\Application\Runtime\Cache\Home\2a94b8bda04ff446dcedd42276fc99ee.php 第 244 行.
NOTIC: [8] Use of undefined constant sex - assumed 'sex' D:\xampp\htdocs\wx\Application\Runtime\Cache\Home\2a94b8bda04ff446dcedd42276fc99ee.php 第 244 行.
NOTIC: [8] Use of undefined constant sex - assumed 'sex' D:\xampp\htdocs\wx\Application\Runtime\Cache\Home\2a94b8bda04ff446dcedd42276fc99ee.php 第 244 行.
NOTIC: [8] Use of undefined constant sex - assumed 'sex' D:\xampp\htdocs\wx\Application\Runtime\Cache\Home\2a94b8bda04ff446dcedd42276fc99ee.php 第 244 行.
NOTIC: [8] Use of undefined constant sex - assumed 'sex' D:\xampp\htdocs\wx\Application\Runtime\Cache\Home\2a94b8bda04ff446dcedd42276fc99ee.php 第 244 行.
NOTIC: [8] Use of undefined constant sex - assumed 'sex' D:\xampp\htdocs\wx\Application\Runtime\Cache\Home\2a94b8bda04ff446dcedd42276fc99ee.php 第 244 行.
NOTIC: [8] Use of undefined constant sex - assumed 'sex' D:\xampp\htdocs\wx\Application\Runtime\Cache\Home\2a94b8bda04ff446dcedd42276fc99ee.php 第 244 行.
NOTIC: [8] Use of undefined constant sex - assumed 'sex' D:\xampp\htdocs\wx\Application\Runtime\Cache\Home\2a94b8bda04ff446dcedd42276fc99ee.php 第 244 行.
INFO: Run Behavior\ParseTemplateBehavior [ RunTime:0.018848s ]
INFO: [ view_parse ] --END-- [ RunTime:0.019011s ]
INFO: [ view_filter ] --START--
INFO: Run Behavior\WriteHtmlCacheBehavior [ RunTime:0.000524s ]
INFO: [ view_filter ] --END-- [ RunTime:0.000575s ]
INFO: [ app_end ] --START--
INFO: Run Behavior\ShowPageTraceBehavior [ RunTime:0.001175s ]
INFO: [ app_end ] --END-- [ RunTime:0.001269s ]

[ 2016-12-06T09:53:01+08:00 ] ::1 /wx/index.php/home/index/index/where/%20sex%20=%20'0'
INFO: [ app_init ] --START--
INFO: Run Behavior\BuildLiteBehavior [ RunTime:0.000017s ]
INFO: [ app_init ] --END-- [ RunTime:0.000597s ]
INFO: [ app_begin ] --START--
INFO: Run Behavior\ReadHtmlCacheBehavior [ RunTime:0.000714s ]
INFO: [ app_begin ] --END-- [ RunTime:0.000782s ]
SQL: SHOW COLUMNS FROM `wx_xinxi` [ RunTime:0.0060s ]
SQL: SELECT * FROM `wx_xinxi` WHERE (  sex = '0' )  [ RunTime:0.0005s ]

[ 2016-12-06T09:53:12+08:00 ] ::1 /wx/index.php/Home/index/index.html
INFO: [ app_init ] --START--
INFO: Run Behavior\BuildLiteBehavior [ RunTime:0.000015s ]
INFO: [ app_init ] --END-- [ RunTime:0.000401s ]
INFO: [ app_begin ] --START--
INFO: Run Behavior\ReadHtmlCacheBehavior [ RunTime:0.000508s ]
INFO: [ app_begin ] --END-- [ RunTime:0.000571s ]
SQL: SHOW COLUMNS FROM `wx_xinxi` [ RunTime:0.0061s ]
SQL: SELECT * FROM `wx_xinxi`  [ RunTime:0.0007s ]
INFO: [ view_parse ] --START--
INFO: [ template_filter ] --START--
INFO: Run Behavior\ContentReplaceBehavior [ RunTime:0.000162s ]
INFO: [ template_filter ] --END-- [ RunTime:0.000218s ]
NOTIC: [8] Use of undefined constant sex - assumed 'sex' D:\xampp\htdocs\wx\Application\Runtime\Cache\Home\2a94b8bda04ff446dcedd42276fc99ee.php 第 244 行.
NOTIC: [8] Use of undefined constant sex - assumed 'sex' D:\xampp\htdocs\wx\Application\Runtime\Cache\Home\2a94b8bda04ff446dcedd42276fc99ee.php 第 244 行.
NOTIC: [8] Use of undefined constant sex - assumed 'sex' D:\xampp\htdocs\wx\Application\Runtime\Cache\Home\2a94b8bda04ff446dcedd42276fc99ee.php 第 244 行.
NOTIC: [8] Use of undefined constant sex - assumed 'sex' D:\xampp\htdocs\wx\Application\Runtime\Cache\Home\2a94b8bda04ff446dcedd42276fc99ee.php 第 244 行.
NOTIC: [8] Use of undefined constant sex - assumed 'sex' D:\xampp\htdocs\wx\Application\Runtime\Cache\Home\2a94b8bda04ff446dcedd42276fc99ee.php 第 244 行.
NOTIC: [8] Use of undefined constant sex - assumed 'sex' D:\xampp\htdocs\wx\Application\Runtime\Cache\Home\2a94b8bda04ff446dcedd42276fc99ee.php 第 244 行.
NOTIC: [8] Use of undefined constant sex - assumed 'sex' D:\xampp\htdocs\wx\Application\Runtime\Cache\Home\2a94b8bda04ff446dcedd42276fc99ee.php 第 244 行.
NOTIC: [8] Use of undefined constant sex - assumed 'sex' D:\xampp\htdocs\wx\Application\Runtime\Cache\Home\2a94b8bda04ff446dcedd42276fc99ee.php 第 244 行.
INFO: Run Behavior\ParseTemplateBehavior [ RunTime:0.018845s ]
INFO: [ view_parse ] --END-- [ RunTime:0.018907s ]
INFO: [ view_filter ] --START--
INFO: Run Behavior\WriteHtmlCacheBehavior [ RunTime:0.000483s ]
INFO: [ view_filter ] --END-- [ RunTime:0.000533s ]
INFO: [ app_end ] --START--
INFO: Run Behavior\ShowPageTraceBehavior [ RunTime:0.000936s ]
INFO: [ app_end ] --END-- [ RunTime:0.001046s ]

[ 2016-12-06T09:53:47+08:00 ] ::1 /wx/index.php/home/index/daoju
INFO: [ app_init ] --START--
INFO: Run Behavior\BuildLiteBehavior [ RunTime:0.000020s ]
INFO: [ app_init ] --END-- [ RunTime:0.000582s ]
INFO: [ app_begin ] --START--
INFO: Run Behavior\ReadHtmlCacheBehavior [ RunTime:0.000874s ]
INFO: [ app_begin ] --END-- [ RunTime:0.000961s ]
SQL: SHOW COLUMNS FROM `wx_shebei` [ RunTime:0.0701s ]
SQL: SELECT * FROM `wx_shebei`  [ RunTime:0.0004s ]

[ 2016-12-06T09:53:47+08:00 ] ::1 /wx/index.php/home/resource/gong
INFO: [ app_init ] --START--
INFO: Run Behavior\BuildLiteBehavior [ RunTime:0.000018s ]
INFO: [ app_init ] --END-- [ RunTime:0.000604s ]
INFO: [ app_begin ] --START--
INFO: Run Behavior\ReadHtmlCacheBehavior [ RunTime:0.000981s ]
INFO: [ app_begin ] --END-- [ RunTime:0.001075s ]
SQL: SHOW COLUMNS FROM `wx_gong` [ RunTime:0.0552s ]
SQL: SELECT * FROM `wx_gong`  [ RunTime:0.0004s ]

[ 2016-12-06T09:56:55+08:00 ] ::1 /wx/index.php/home/index/dajax/id/1?get
INFO: [ app_init ] --START--
INFO: Run Behavior\BuildLiteBehavior [ RunTime:0.000016s ]
INFO: [ app_init ] --END-- [ RunTime:0.000468s ]
INFO: [ app_begin ] --START--
INFO: Run Behavior\ReadHtmlCacheBehavior [ RunTime:0.000791s ]
INFO: [ app_begin ] --END-- [ RunTime:0.000856s ]
SQL: SHOW COLUMNS FROM `wx_shebei` [ RunTime:0.0062s ]
SQL: SELECT * FROM `wx_shebei` WHERE ( id = 1 )  [ RunTime:0.0004s ]

[ 2016-12-06T09:56:57+08:00 ] ::1 /wx/index.php/home/index/daoju
INFO: [ app_init ] --START--
INFO: Run Behavior\BuildLiteBehavior [ RunTime:0.000047s ]
INFO: [ app_init ] --END-- [ RunTime:0.000850s ]
INFO: [ app_begin ] --START--
INFO: Run Behavior\ReadHtmlCacheBehavior [ RunTime:0.001292s ]
INFO: [ app_begin ] --END-- [ RunTime:0.001446s ]
SQL: SHOW COLUMNS FROM `wx_shebei` [ RunTime:0.0075s ]
SQL: SELECT * FROM `wx_shebei`  [ RunTime:0.0005s ]

[ 2016-12-06T09:56:57+08:00 ] ::1 /wx/index.php/home/resource/gong
INFO: [ app_init ] --START--
INFO: Run Behavior\BuildLiteBehavior [ RunTime:0.000021s ]
INFO: [ app_init ] --END-- [ RunTime:0.001204s ]
INFO: [ app_begin ] --START--
INFO: Run Behavior\ReadHtmlCacheBehavior [ RunTime:0.001610s ]
INFO: [ app_begin ] --END-- [ RunTime:0.001775s ]
SQL: SHOW COLUMNS FROM `wx_gong` [ RunTime:0.0054s ]
SQL: SELECT * FROM `wx_gong`  [ RunTime:0.0004s ]

[ 2016-12-06T09:58:04+08:00 ] ::1 /wx/index.php/home/index/ajax/id/1
INFO: [ app_init ] --START--
INFO: Run Behavior\BuildLiteBehavior [ RunTime:0.000016s ]
INFO: [ app_init ] --END-- [ RunTime:0.000393s ]
INFO: [ app_begin ] --START--
INFO: Run Behavior\ReadHtmlCacheBehavior [ RunTime:0.000543s ]
INFO: [ app_begin ] --END-- [ RunTime:0.000608s ]
SQL: SHOW COLUMNS FROM `wx_xinxi` [ RunTime:0.1112s ]
SQL: SELECT * FROM `wx_xinxi` WHERE ( id = 1  )  [ RunTime:0.0005s ]

[ 2016-12-06T09:58:07+08:00 ] ::1 /wx/index.php/home/index/ajax/id/2
INFO: [ app_init ] --START--
INFO: Run Behavior\BuildLiteBehavior [ RunTime:0.000025s ]
INFO: [ app_init ] --END-- [ RunTime:0.000636s ]
INFO: [ app_begin ] --START--
INFO: Run Behavior\ReadHtmlCacheBehavior [ RunTime:0.000841s ]
INFO: [ app_begin ] --END-- [ RunTime:0.000959s ]
SQL: SHOW COLUMNS FROM `wx_xinxi` [ RunTime:0.0086s ]
SQL: SELECT * FROM `wx_xinxi` WHERE ( id = 2  )  [ RunTime:0.0020s ]

[ 2016-12-06T09:58:09+08:00 ] ::1 /wx/index.php/home/index/ajax/id/3
INFO: [ app_init ] --START--
INFO: Run Behavior\BuildLiteBehavior [ RunTime:0.000023s ]
INFO: [ app_init ] --END-- [ RunTime:0.000734s ]
INFO: [ app_begin ] --START--
INFO: Run Behavior\ReadHtmlCacheBehavior [ RunTime:0.001304s ]
INFO: [ app_begin ] --END-- [ RunTime:0.001467s ]
SQL: SHOW COLUMNS FROM `wx_xinxi` [ RunTime:0.0134s ]
SQL: SELECT * FROM `wx_xinxi` WHERE ( id = 3  )  [ RunTime:0.0012s ]

[ 2016-12-06T10:02:11+08:00 ] ::1 /wx/index.php/home/index/index/where/%20money%20%20%E8%87%AA%E5%AE%9A%E4%B9%89
INFO: [ app_init ] --START--
INFO: Run Behavior\BuildLiteBehavior [ RunTime:0.000016s ]
INFO: [ app_init ] --END-- [ RunTime:0.000535s ]
INFO: [ app_begin ] --START--
INFO: Run Behavior\ReadHtmlCacheBehavior [ RunTime:0.000742s ]
INFO: [ app_begin ] --END-- [ RunTime:0.000812s ]
SQL: SHOW COLUMNS FROM `wx_xinxi` [ RunTime:0.0056s ]
ERR: 1064:You have an error in your SQL syntax; check the manual that corresponds to your MariaDB server version for the right syntax to use near '自定义 )' at line 1
 [ SQL语句 ] : SELECT * FROM `wx_xinxi` WHERE (  money  自定义 ) 
ERR: 1064:You have an error in your SQL syntax; check the manual that corresponds to your MariaDB server version for the right syntax to use near '自定义 )' at line 1
 [ SQL语句 ] : SELECT * FROM `wx_xinxi` WHERE (  money  自定义 ) 

