[ 2016-11-15T09:55:03+08:00 ] ::1 /xsmt/Public/Home/index//xsmt/Public/Home/index/images/submit.png
INFO: [ app_init ] --START--
INFO: Run Behavior\BuildLiteBehavior [ RunTime:0.000018s ]
INFO: [ app_init ] --END-- [ RunTime:0.000539s ]
ERR: 无法加载模块:Xsmt

[ 2016-11-15T09:55:06+08:00 ] ::1 /xsmt/Public/Home/register/img/bg1.jpg
INFO: [ app_init ] --START--
INFO: Run Behavior\BuildLiteBehavior [ RunTime:0.000009s ]
INFO: [ app_init ] --END-- [ RunTime:0.000304s ]
ERR: 无法加载模块:Xsmt

[ 2016-11-15T09:55:35+08:00 ] ::1 /xsmt/Public/Home/index//xsmt/Public/Home/index/images/submit.png
INFO: [ app_init ] --START--
INFO: Run Behavior\BuildLiteBehavior [ RunTime:0.000009s ]
INFO: [ app_init ] --END-- [ RunTime:0.000308s ]
ERR: 无法加载模块:Xsmt

[ 2016-11-15T09:55:36+08:00 ] ::1 /xsmt/Public/Home/login/images/bg.jpg
INFO: [ app_init ] --START--
INFO: Run Behavior\BuildLiteBehavior [ RunTime:0.000009s ]
INFO: [ app_init ] --END-- [ RunTime:0.000381s ]
ERR: 无法加载模块:Xsmt

[ 2016-11-15T10:32:25+08:00 ] ::1 /xsmt/index
INFO: [ app_init ] --START--
INFO: Run Behavior\BuildLiteBehavior [ RunTime:0.000010s ]
INFO: [ app_init ] --END-- [ RunTime:0.000454s ]
ERR: 无法加载模块:Xsmt

[ 2016-11-15T10:32:49+08:00 ] ::1 /xsmt/Public/Home/index//xsmt/Public/Home/index/images/submit.png
INFO: [ app_init ] --START--
INFO: Run Behavior\BuildLiteBehavior [ RunTime:0.000009s ]
INFO: [ app_init ] --END-- [ RunTime:0.000304s ]
ERR: 无法加载模块:Xsmt

[ 2016-11-15T10:32:53+08:00 ] ::1 /xsmt/Public/Home/register/img/bg1.jpg
INFO: [ app_init ] --START--
INFO: Run Behavior\BuildLiteBehavior [ RunTime:0.000011s ]
INFO: [ app_init ] --END-- [ RunTime:0.000358s ]
ERR: 无法加载模块:Xsmt

[ 2016-11-15T21:47:47+08:00 ] ::1 /xsmt/Public/Home/index//xsmt/Public/Home/index/images/submit.png
INFO: [ app_init ] --START--
INFO: Run Behavior\BuildLiteBehavior [ RunTime:0.000030s ]
INFO: [ app_init ] --END-- [ RunTime:0.000839s ]
ERR: 无法加载模块:Xsmt

[ 2016-11-15T21:47:52+08:00 ] ::1 /xsmt/Public/Home/register/img/bg1.jpg
INFO: [ app_init ] --START--
INFO: Run Behavior\BuildLiteBehavior [ RunTime:0.000023s ]
INFO: [ app_init ] --END-- [ RunTime:0.001323s ]
ERR: 无法加载模块:Xsmt

[ 2016-11-15T21:47:54+08:00 ] ::1 /xsmt/Public/Home/index//xsmt/Public/Home/index/images/submit.png
INFO: [ app_init ] --START--
INFO: Run Behavior\BuildLiteBehavior [ RunTime:0.000012s ]
INFO: [ app_init ] --END-- [ RunTime:0.000440s ]
ERR: 无法加载模块:Xsmt

[ 2016-11-15T21:47:56+08:00 ] ::1 /xsmt/Public/Home/login/images/bg.jpg
INFO: [ app_init ] --START--
INFO: Run Behavior\BuildLiteBehavior [ RunTime:0.000039s ]
INFO: [ app_init ] --END-- [ RunTime:0.001041s ]
ERR: 无法加载模块:Xsmt

[ 2016-11-15T21:50:59+08:00 ] ::1 /xsmt/Public/Home/login/images/bg.jpg
INFO: [ app_init ] --START--
INFO: Run Behavior\BuildLiteBehavior [ RunTime:0.000012s ]
INFO: [ app_init ] --END-- [ RunTime:0.000417s ]
ERR: 无法加载模块:Xsmt

[ 2016-11-15T22:12:52+08:00 ] ::1 /xsmt/Public/Home/login/images/bg.jpg
INFO: [ app_init ] --START--
INFO: Run Behavior\BuildLiteBehavior [ RunTime:0.000010s ]
INFO: [ app_init ] --END-- [ RunTime:0.000345s ]
ERR: 无法加载模块:Xsmt

[ 2016-11-15T22:14:36+08:00 ] ::1 /xsmt/Public/Home/index//xsmt/Public/Home/index/images/submit.png
INFO: [ app_init ] --START--
INFO: Run Behavior\BuildLiteBehavior [ RunTime:0.000012s ]
INFO: [ app_init ] --END-- [ RunTime:0.000391s ]
ERR: 无法加载模块:Xsmt

[ 2016-11-15T22:14:36+08:00 ] ::1 /xsmt/Public/Home/index//xsmt/Public/Home/index/images/submit.png
INFO: [ app_init ] --START--
INFO: Run Behavior\BuildLiteBehavior [ RunTime:0.000010s ]
INFO: [ app_init ] --END-- [ RunTime:0.000387s ]
ERR: 无法加载模块:Xsmt

[ 2016-11-15T22:14:39+08:00 ] ::1 /xsmt/Public/Home/login/images/bg.jpg
INFO: [ app_init ] --START--
INFO: Run Behavior\BuildLiteBehavior [ RunTime:0.000010s ]
INFO: [ app_init ] --END-- [ RunTime:0.000506s ]
ERR: 无法加载模块:Xsmt

[ 2016-11-15T22:14:46+08:00 ] ::1 /xsmt/Public/Home/register/img/bg1.jpg
INFO: [ app_init ] --START--
INFO: Run Behavior\BuildLiteBehavior [ RunTime:0.000011s ]
INFO: [ app_init ] --END-- [ RunTime:0.000358s ]
ERR: 无法加载模块:Xsmt

[ 2016-11-15T22:15:03+08:00 ] ::1 /xsmt/Public/Home/index//xsmt/Public/Home/index/images/submit.png
INFO: [ app_init ] --START--
INFO: Run Behavior\BuildLiteBehavior [ RunTime:0.000011s ]
INFO: [ app_init ] --END-- [ RunTime:0.000373s ]
ERR: 无法加载模块:Xsmt

[ 2016-11-15T22:15:05+08:00 ] ::1 /xsmt/Public/Home/login/images/bg.jpg
INFO: [ app_init ] --START--
INFO: Run Behavior\BuildLiteBehavior [ RunTime:0.000010s ]
INFO: [ app_init ] --END-- [ RunTime:0.000333s ]
ERR: 无法加载模块:Xsmt

[ 2016-11-15T22:17:02+08:00 ] ::1 /xsmt/Public/Home/index//xsmt/Public/Home/index/images/submit.png
INFO: [ app_init ] --START--
INFO: Run Behavior\BuildLiteBehavior [ RunTime:0.000021s ]
INFO: [ app_init ] --END-- [ RunTime:0.000698s ]
ERR: 无法加载模块:Xsmt

[ 2016-11-15T22:17:04+08:00 ] ::1 /xsmt/Public/Home/register/img/bg1.jpg
INFO: [ app_init ] --START--
INFO: Run Behavior\BuildLiteBehavior [ RunTime:0.000011s ]
INFO: [ app_init ] --END-- [ RunTime:0.000358s ]
ERR: 无法加载模块:Xsmt

[ 2016-11-15T22:17:41+08:00 ] ::1 /xsmt/Public/Home/index//xsmt/Public/Home/index/images/submit.png
INFO: [ app_init ] --START--
INFO: Run Behavior\BuildLiteBehavior [ RunTime:0.000011s ]
INFO: [ app_init ] --END-- [ RunTime:0.000419s ]
ERR: 无法加载模块:Xsmt

[ 2016-11-15T22:17:41+08:00 ] ::1 /xsmt/Public/Home/index//xsmt/Public/Home/index/images/submit.png
INFO: [ app_init ] --START--
INFO: Run Behavior\BuildLiteBehavior [ RunTime:0.000013s ]
INFO: [ app_init ] --END-- [ RunTime:0.000519s ]
ERR: 无法加载模块:Xsmt

[ 2016-11-15T22:17:43+08:00 ] ::1 /xsmt/Public/Home/login/images/bg.jpg
INFO: [ app_init ] --START--
INFO: Run Behavior\BuildLiteBehavior [ RunTime:0.000012s ]
INFO: [ app_init ] --END-- [ RunTime:0.000477s ]
ERR: 无法加载模块:Xsmt

[ 2016-11-15T22:29:16+08:00 ] ::1 /xsmt/Public/Home/index//xsmt/Public/Home/index/images/submit.png
INFO: [ app_init ] --START--
INFO: Run Behavior\BuildLiteBehavior [ RunTime:0.000012s ]
INFO: [ app_init ] --END-- [ RunTime:0.000413s ]
ERR: 无法加载模块:Xsmt

[ 2016-11-15T22:29:16+08:00 ] ::1 /xsmt/Public/Home/index//xsmt/Public/Home/index/images/submit.png
INFO: [ app_init ] --START--
INFO: Run Behavior\BuildLiteBehavior [ RunTime:0.000013s ]
INFO: [ app_init ] --END-- [ RunTime:0.000421s ]
ERR: 无法加载模块:Xsmt

[ 2016-11-15T22:29:19+08:00 ] ::1 /xsmt/Public/Home/register/img/bg1.jpg
INFO: [ app_init ] --START--
INFO: Run Behavior\BuildLiteBehavior [ RunTime:0.000013s ]
INFO: [ app_init ] --END-- [ RunTime:0.000416s ]
ERR: 无法加载模块:Xsmt

[ 2016-11-15T22:29:39+08:00 ] ::1 /xsmt/Public/Home/register/img/bg1.jpg
INFO: [ app_init ] --START--
INFO: Run Behavior\BuildLiteBehavior [ RunTime:0.000012s ]
INFO: [ app_init ] --END-- [ RunTime:0.000418s ]
ERR: 无法加载模块:Xsmt

[ 2016-11-15T22:30:31+08:00 ] ::1 /xsmt/Public/Home/register/img/bg1.jpg
INFO: [ app_init ] --START--
INFO: Run Behavior\BuildLiteBehavior [ RunTime:0.000009s ]
INFO: [ app_init ] --END-- [ RunTime:0.000332s ]
ERR: 无法加载模块:Xsmt

[ 2016-11-15T22:30:32+08:00 ] ::1 /xsmt/Public/Home/register/img/bg1.jpg
INFO: [ app_init ] --START--
INFO: Run Behavior\BuildLiteBehavior [ RunTime:0.000011s ]
INFO: [ app_init ] --END-- [ RunTime:0.000347s ]
ERR: 无法加载模块:Xsmt

[ 2016-11-15T22:30:32+08:00 ] ::1 /xsmt/Public/Home/register/img/bg1.jpg
INFO: [ app_init ] --START--
INFO: Run Behavior\BuildLiteBehavior [ RunTime:0.000011s ]
INFO: [ app_init ] --END-- [ RunTime:0.000351s ]
ERR: 无法加载模块:Xsmt

[ 2016-11-15T22:30:37+08:00 ] ::1 /xsmt/Public/Home/register/img/bg1.jpg
INFO: [ app_init ] --START--
INFO: Run Behavior\BuildLiteBehavior [ RunTime:0.000017s ]
INFO: [ app_init ] --END-- [ RunTime:0.000548s ]
ERR: 无法加载模块:Xsmt

[ 2016-11-15T22:30:38+08:00 ] ::1 /xsmt/Public/Home/register/img/bg1.jpg
INFO: [ app_init ] --START--
INFO: Run Behavior\BuildLiteBehavior [ RunTime:0.000011s ]
INFO: [ app_init ] --END-- [ RunTime:0.000357s ]
ERR: 无法加载模块:Xsmt

[ 2016-11-15T22:30:43+08:00 ] ::1 /xsmt/Public/Home/register/img/bg1.jpg
INFO: [ app_init ] --START--
INFO: Run Behavior\BuildLiteBehavior [ RunTime:0.000010s ]
INFO: [ app_init ] --END-- [ RunTime:0.000354s ]
ERR: 无法加载模块:Xsmt

[ 2016-11-15T22:30:50+08:00 ] ::1 /xsmt/Public/Home/register/img/bg1.jpg
INFO: [ app_init ] --START--
INFO: Run Behavior\BuildLiteBehavior [ RunTime:0.000011s ]
INFO: [ app_init ] --END-- [ RunTime:0.000352s ]
ERR: 无法加载模块:Xsmt

[ 2016-11-15T22:32:05+08:00 ] ::1 /xsmt/Public/Home/index//xsmt/Public/Home/index/images/submit.png
INFO: [ app_init ] --START--
INFO: Run Behavior\BuildLiteBehavior [ RunTime:0.000011s ]
INFO: [ app_init ] --END-- [ RunTime:0.000368s ]
ERR: 无法加载模块:Xsmt

[ 2016-11-15T22:32:07+08:00 ] ::1 /xsmt/Public/Home/login/images/bg.jpg
INFO: [ app_init ] --START--
INFO: Run Behavior\BuildLiteBehavior [ RunTime:0.000015s ]
INFO: [ app_init ] --END-- [ RunTime:0.000472s ]
ERR: 无法加载模块:Xsmt

[ 2016-11-15T22:39:28+08:00 ] ::1 /xsmt/Public/Home/login/images/bg.jpg
INFO: [ app_init ] --START--
INFO: Run Behavior\BuildLiteBehavior [ RunTime:0.000016s ]
INFO: [ app_init ] --END-- [ RunTime:0.000438s ]
ERR: 无法加载模块:Xsmt

[ 2016-11-15T22:42:24+08:00 ] ::1 /xsmt/Public/Home/login/images/bg.jpg
INFO: [ app_init ] --START--
INFO: Run Behavior\BuildLiteBehavior [ RunTime:0.000013s ]
INFO: [ app_init ] --END-- [ RunTime:0.000450s ]
ERR: 无法加载模块:Xsmt

[ 2016-11-15T22:53:29+08:00 ] ::1 /xsmt/Public/Home/login/images/bg.jpg
INFO: [ app_init ] --START--
INFO: Run Behavior\BuildLiteBehavior [ RunTime:0.000013s ]
INFO: [ app_init ] --END-- [ RunTime:0.000510s ]
ERR: 无法加载模块:Xsmt

[ 2016-11-15T22:54:00+08:00 ] ::1 /xsmt/Public/Home/login/images/bg.jpg
INFO: [ app_init ] --START--
INFO: Run Behavior\BuildLiteBehavior [ RunTime:0.000010s ]
INFO: [ app_init ] --END-- [ RunTime:0.000417s ]
ERR: 无法加载模块:Xsmt

[ 2016-11-15T22:54:02+08:00 ] ::1 /xsmt/Public/Home/login/images/bg.jpg
INFO: [ app_init ] --START--
INFO: Run Behavior\BuildLiteBehavior [ RunTime:0.000010s ]
INFO: [ app_init ] --END-- [ RunTime:0.000339s ]
ERR: 无法加载模块:Xsmt

[ 2016-11-15T22:54:59+08:00 ] ::1 /xsmt/Public/Home/login/images/bg.jpg
INFO: [ app_init ] --START--
INFO: Run Behavior\BuildLiteBehavior [ RunTime:0.000017s ]
INFO: [ app_init ] --END-- [ RunTime:0.000543s ]
ERR: 无法加载模块:Xsmt

[ 2016-11-15T22:57:46+08:00 ] ::1 /xsmt/Public/Home/login/images/bg.jpg
INFO: [ app_init ] --START--
INFO: Run Behavior\BuildLiteBehavior [ RunTime:0.000009s ]
INFO: [ app_init ] --END-- [ RunTime:0.000295s ]
ERR: 无法加载模块:Xsmt

[ 2016-11-15T22:58:52+08:00 ] ::1 /xsmt/Public/Home/login/images/bg.jpg
INFO: [ app_init ] --START--
INFO: Run Behavior\BuildLiteBehavior [ RunTime:0.000015s ]
INFO: [ app_init ] --END-- [ RunTime:0.000598s ]
ERR: 无法加载模块:Xsmt

[ 2016-11-15T23:24:12+08:00 ] ::1 /xsmt/Public/Home/login/images/bg.jpg
INFO: [ app_init ] --START--
INFO: Run Behavior\BuildLiteBehavior [ RunTime:0.000015s ]
INFO: [ app_init ] --END-- [ RunTime:0.000563s ]
ERR: 无法加载模块:Xsmt

[ 2016-11-15T23:25:44+08:00 ] ::1 /xsmt/Public/Home/login/images/bg.jpg
INFO: [ app_init ] --START--
INFO: Run Behavior\BuildLiteBehavior [ RunTime:0.000018s ]
INFO: [ app_init ] --END-- [ RunTime:0.000666s ]
ERR: 无法加载模块:Xsmt

[ 2016-11-15T23:25:59+08:00 ] ::1 /xsmt/Public/Home/login/images/bg.jpg
INFO: [ app_init ] --START--
INFO: Run Behavior\BuildLiteBehavior [ RunTime:0.000015s ]
INFO: [ app_init ] --END-- [ RunTime:0.000550s ]
ERR: 无法加载模块:Xsmt

[ 2016-11-15T23:27:38+08:00 ] ::1 /xsmt/Public/Home/login/images/bg.jpg
INFO: [ app_init ] --START--
INFO: Run Behavior\BuildLiteBehavior [ RunTime:0.000020s ]
INFO: [ app_init ] --END-- [ RunTime:0.002603s ]
ERR: 无法加载模块:Xsmt

[ 2016-11-15T23:28:03+08:00 ] ::1 /xsmt/Public/Home/login/images/bg.jpg
INFO: [ app_init ] --START--
INFO: Run Behavior\BuildLiteBehavior [ RunTime:0.000026s ]
INFO: [ app_init ] --END-- [ RunTime:0.000846s ]
ERR: 无法加载模块:Xsmt

[ 2016-11-15T23:28:04+08:00 ] ::1 /xsmt/Public/Home/login/images/bg.jpg
INFO: [ app_init ] --START--
INFO: Run Behavior\BuildLiteBehavior [ RunTime:0.000032s ]
INFO: [ app_init ] --END-- [ RunTime:0.001266s ]
ERR: 无法加载模块:Xsmt

[ 2016-11-15T23:28:06+08:00 ] ::1 /xsmt/Public/Home/login/images/bg.jpg
INFO: [ app_init ] --START--
INFO: Run Behavior\BuildLiteBehavior [ RunTime:0.000011s ]
INFO: [ app_init ] --END-- [ RunTime:0.000355s ]
ERR: 无法加载模块:Xsmt

[ 2016-11-15T23:28:35+08:00 ] ::1 /xsmt/Public/Home/login/images/bg.jpg
INFO: [ app_init ] --START--
INFO: Run Behavior\BuildLiteBehavior [ RunTime:0.000016s ]
INFO: [ app_init ] --END-- [ RunTime:0.000547s ]
ERR: 无法加载模块:Xsmt

[ 2016-11-15T23:28:35+08:00 ] ::1 /xsmt/Public/Home/login/images/bg.jpg
INFO: [ app_init ] --START--
INFO: Run Behavior\BuildLiteBehavior [ RunTime:0.000031s ]
INFO: [ app_init ] --END-- [ RunTime:0.001480s ]
ERR: 无法加载模块:Xsmt

[ 2016-11-15T23:29:06+08:00 ] ::1 /xsmt/Public/Home/login/images/bg.jpg
INFO: [ app_init ] --START--
INFO: Run Behavior\BuildLiteBehavior [ RunTime:0.000020s ]
INFO: [ app_init ] --END-- [ RunTime:0.000681s ]
ERR: 无法加载模块:Xsmt

[ 2016-11-15T23:29:31+08:00 ] ::1 /xsmt/Public/Home/login/images/bg.jpg
INFO: [ app_init ] --START--
INFO: Run Behavior\BuildLiteBehavior [ RunTime:0.000010s ]
INFO: [ app_init ] --END-- [ RunTime:0.000358s ]
ERR: 无法加载模块:Xsmt

[ 2016-11-15T23:42:36+08:00 ] ::1 /xsmt/Public/Home/login/images/bg.jpg
INFO: [ app_init ] --START--
INFO: Run Behavior\BuildLiteBehavior [ RunTime:0.000016s ]
INFO: [ app_init ] --END-- [ RunTime:0.000504s ]
ERR: 无法加载模块:Xsmt

[ 2016-11-15T23:42:36+08:00 ] ::1 /xsmt/Public/Home/login/images/bg.jpg
INFO: [ app_init ] --START--
INFO: Run Behavior\BuildLiteBehavior [ RunTime:0.000032s ]
INFO: [ app_init ] --END-- [ RunTime:0.001136s ]
ERR: 无法加载模块:Xsmt

[ 2016-11-15T23:42:40+08:00 ] ::1 /xsmt/Public/Home/login/images/bg.jpg
INFO: [ app_init ] --START--
INFO: Run Behavior\BuildLiteBehavior [ RunTime:0.000012s ]
INFO: [ app_init ] --END-- [ RunTime:0.000464s ]
ERR: 无法加载模块:Xsmt

